[2021-01-13 09:28:22] app.ERROR: Data from PrestaShop Addons is invalid, and cannot fallback on cache.  {"exception":"cURL error 28: Operation timed out after 5000 milliseconds with 101869 bytes received"} []
[2021-01-13 09:28:26] app.INFO: Protect vendor folder in module contactform [] []
[2021-01-13 09:28:26] app.INFO: Module contactform has no vendor folder [] []
[2021-01-13 09:28:30] app.INFO: Protect vendor folder in module dashactivity [] []
[2021-01-13 09:28:30] app.INFO: Module dashactivity has no vendor folder [] []
[2021-01-13 09:28:36] app.INFO: Protect vendor folder in module dashgoals [] []
[2021-01-13 09:28:36] app.INFO: Module dashgoals has no vendor folder [] []
[2021-01-13 09:28:38] app.INFO: Protect vendor folder in module dashproducts [] []
[2021-01-13 09:28:38] app.INFO: Module dashproducts has no vendor folder [] []
[2021-01-13 09:28:39] app.INFO: Protect vendor folder in module dashtrends [] []
[2021-01-13 09:28:39] app.INFO: Module dashtrends has no vendor folder [] []
[2021-01-13 09:28:40] app.INFO: Protect vendor folder in module graphnvd3 [] []
[2021-01-13 09:28:40] app.INFO: Module graphnvd3 has no vendor folder [] []
[2021-01-13 09:28:42] app.INFO: Protect vendor folder in module gridhtml [] []
[2021-01-13 09:28:42] app.INFO: Module gridhtml has no vendor folder [] []
[2021-01-13 09:28:45] app.INFO: Protect vendor folder in module gsitemap [] []
[2021-01-13 09:28:45] app.INFO: Module gsitemap has no vendor folder [] []
[2021-01-13 09:28:50] app.INFO: Protect vendor folder in module pagesnotfound [] []
[2021-01-13 09:28:50] app.INFO: Module pagesnotfound has no vendor folder [] []
[2021-01-13 09:28:59] app.INFO: Protect vendor folder in module productcomments [] []
[2021-01-13 09:28:59] app.INFO: Module productcomments has no vendor folder [] []
[2021-01-13 09:29:01] app.INFO: Protect vendor folder in module ps_banner [] []
[2021-01-13 09:29:02] app.INFO: Module ps_banner has no vendor folder [] []
[2021-01-13 09:29:03] app.INFO: Protect vendor folder in module ps_categorytree [] []
[2021-01-13 09:29:03] app.INFO: Module ps_categorytree has no vendor folder [] []
[2021-01-13 09:29:07] app.INFO: Protect vendor folder in module ps_checkpayment [] []
[2021-01-13 09:29:07] app.INFO: Module ps_checkpayment has no vendor folder [] []
[2021-01-13 09:29:08] app.INFO: Protect vendor folder in module ps_contactinfo [] []
[2021-01-13 09:29:08] app.INFO: Module ps_contactinfo has no vendor folder [] []
[2021-01-13 09:29:10] app.INFO: Protect vendor folder in module ps_crossselling [] []
[2021-01-13 09:29:10] app.INFO: Module ps_crossselling has no vendor folder [] []
[2021-01-13 09:29:11] app.INFO: Protect vendor folder in module ps_currencyselector [] []
[2021-01-13 09:29:11] app.INFO: Module ps_currencyselector has no vendor folder [] []
[2021-01-13 09:29:13] app.INFO: Protect vendor folder in module ps_customeraccountlinks [] []
[2021-01-13 09:29:13] app.INFO: Module ps_customeraccountlinks has no vendor folder [] []
[2021-01-13 09:29:14] app.INFO: Protect vendor folder in module ps_customersignin [] []
[2021-01-13 09:29:14] app.INFO: Module ps_customersignin has no vendor folder [] []
[2021-01-13 09:29:17] app.INFO: Protect vendor folder in module ps_customtext [] []
[2021-01-13 09:29:17] app.INFO: Module ps_customtext has no vendor folder [] []
[2021-01-13 09:29:19] app.INFO: Protect vendor folder in module ps_dataprivacy [] []
[2021-01-13 09:29:19] app.INFO: Module ps_dataprivacy has no vendor folder [] []
[2021-01-13 09:29:25] app.INFO: Protect vendor folder in module ps_emailsubscription [] []
[2021-01-13 09:29:25] app.INFO: Module ps_emailsubscription has no vendor folder [] []
[2021-01-13 09:29:46] app.INFO: Protect vendor folder in module ps_facetedsearch [] []
[2021-01-13 09:29:46] app.INFO: Module ps_facetedsearch has no vendor folder [] []
[2021-01-13 09:29:51] app.INFO: Protect vendor folder in module ps_faviconnotificationbo [] []
[2021-01-13 09:29:51] app.INFO: Module ps_faviconnotificationbo has no vendor folder [] []
[2021-01-13 09:29:55] app.INFO: Protect vendor folder in module ps_featuredproducts [] []
[2021-01-13 09:29:55] app.INFO: Module ps_featuredproducts has no vendor folder [] []
[2021-01-13 09:30:00] app.INFO: Protect vendor folder in module ps_imageslider [] []
[2021-01-13 09:30:00] app.INFO: Module ps_imageslider has no vendor folder [] []
[2021-01-13 09:30:02] app.INFO: Protect vendor folder in module ps_languageselector [] []
[2021-01-13 09:30:02] app.INFO: Module ps_languageselector has no vendor folder [] []
[2021-01-13 09:30:06] app.INFO: Protect vendor folder in module ps_linklist [] []
[2021-01-13 09:30:06] app.INFO: Module ps_linklist has no vendor folder [] []
[2021-01-13 09:30:06] app.ERROR: Cannot register tab "AdminLinkWidget" because it already exists [] []
[2021-01-13 09:30:17] app.INFO: Protect vendor folder in module ps_mainmenu [] []
[2021-01-13 09:30:17] app.INFO: Module ps_mainmenu has no vendor folder [] []
[2021-01-13 09:30:19] app.INFO: Protect vendor folder in module ps_searchbar [] []
[2021-01-13 09:30:19] app.INFO: Module ps_searchbar has no vendor folder [] []
[2021-01-13 09:30:21] app.INFO: Protect vendor folder in module ps_sharebuttons [] []
[2021-01-13 09:30:21] app.INFO: Module ps_sharebuttons has no vendor folder [] []
[2021-01-13 09:30:23] app.INFO: Protect vendor folder in module ps_shoppingcart [] []
[2021-01-13 09:30:24] app.INFO: Module ps_shoppingcart has no vendor folder [] []
[2021-01-13 09:30:26] app.INFO: Protect vendor folder in module ps_socialfollow [] []
[2021-01-13 09:30:27] app.INFO: Module ps_socialfollow has no vendor folder [] []
[2021-01-13 09:30:29] app.INFO: Protect vendor folder in module ps_themecusto [] []
[2021-01-13 09:30:29] app.INFO: Module ps_themecusto has no vendor folder [] []
[2021-01-13 09:30:32] app.INFO: Protect vendor folder in module ps_wirepayment [] []
[2021-01-13 09:30:32] app.INFO: Module ps_wirepayment has no vendor folder [] []
[2021-01-13 09:30:35] app.INFO: Protect vendor folder in module sekeywords [] []
[2021-01-13 09:30:35] app.INFO: Module sekeywords has no vendor folder [] []
[2021-01-13 09:30:37] app.INFO: Protect vendor folder in module statsbestcategories [] []
[2021-01-13 09:30:37] app.INFO: Module statsbestcategories has no vendor folder [] []
[2021-01-13 09:30:40] app.INFO: Protect vendor folder in module statsbestcustomers [] []
[2021-01-13 09:30:40] app.INFO: Module statsbestcustomers has no vendor folder [] []
[2021-01-13 09:30:43] app.INFO: Protect vendor folder in module statsbestproducts [] []
[2021-01-13 09:30:43] app.INFO: Module statsbestproducts has no vendor folder [] []
[2021-01-13 09:30:45] app.INFO: Protect vendor folder in module statsbestsuppliers [] []
[2021-01-13 09:30:45] app.INFO: Module statsbestsuppliers has no vendor folder [] []
[2021-01-13 09:30:47] app.INFO: Protect vendor folder in module statsbestvouchers [] []
[2021-01-13 09:30:47] app.INFO: Module statsbestvouchers has no vendor folder [] []
[2021-01-13 09:30:48] app.INFO: Protect vendor folder in module statscarrier [] []
[2021-01-13 09:30:48] app.INFO: Module statscarrier has no vendor folder [] []
[2021-01-13 09:30:49] app.INFO: Protect vendor folder in module statscatalog [] []
[2021-01-13 09:30:50] app.INFO: Module statscatalog has no vendor folder [] []
[2021-01-13 09:30:51] app.INFO: Protect vendor folder in module statscheckup [] []
[2021-01-13 09:30:51] app.INFO: Module statscheckup has no vendor folder [] []
[2021-01-13 09:30:53] app.INFO: Protect vendor folder in module statsdata [] []
[2021-01-13 09:30:53] app.INFO: Module statsdata has no vendor folder [] []
[2021-01-13 09:30:55] app.INFO: Protect vendor folder in module statsequipment [] []
[2021-01-13 09:30:55] app.INFO: Module statsequipment has no vendor folder [] []
[2021-01-13 09:30:57] app.INFO: Protect vendor folder in module statsforecast [] []
[2021-01-13 09:30:57] app.INFO: Module statsforecast has no vendor folder [] []
[2021-01-13 09:30:59] app.INFO: Protect vendor folder in module statslive [] []
[2021-01-13 09:30:59] app.INFO: Module statslive has no vendor folder [] []
[2021-01-13 09:31:01] app.INFO: Protect vendor folder in module statsnewsletter [] []
[2021-01-13 09:31:01] app.INFO: Module statsnewsletter has no vendor folder [] []
[2021-01-13 09:31:03] app.INFO: Protect vendor folder in module statsorigin [] []
[2021-01-13 09:31:03] app.INFO: Module statsorigin has no vendor folder [] []
[2021-01-13 09:31:05] app.INFO: Protect vendor folder in module statspersonalinfos [] []
[2021-01-13 09:31:05] app.INFO: Module statspersonalinfos has no vendor folder [] []
[2021-01-13 09:31:08] app.INFO: Protect vendor folder in module statsproduct [] []
[2021-01-13 09:31:08] app.INFO: Module statsproduct has no vendor folder [] []
[2021-01-13 09:31:11] app.INFO: Protect vendor folder in module statsregistrations [] []
[2021-01-13 09:31:11] app.INFO: Module statsregistrations has no vendor folder [] []
[2021-01-13 09:31:13] app.INFO: Protect vendor folder in module statssales [] []
[2021-01-13 09:31:13] app.INFO: Module statssales has no vendor folder [] []
[2021-01-13 09:31:15] app.INFO: Protect vendor folder in module statssearch [] []
[2021-01-13 09:31:16] app.INFO: Module statssearch has no vendor folder [] []
[2021-01-13 09:31:17] app.INFO: Protect vendor folder in module statsstock [] []
[2021-01-13 09:31:17] app.INFO: Module statsstock has no vendor folder [] []
[2021-01-13 09:31:19] app.INFO: Protect vendor folder in module statsvisits [] []
[2021-01-13 09:31:19] app.INFO: Module statsvisits has no vendor folder [] []
[2021-01-13 09:31:24] app.INFO: Protect vendor folder in module welcome [] []
[2021-01-13 09:31:24] app.INFO: Module welcome has no vendor folder [] []
[2021-01-13 09:31:43] app.INFO: Exporting mail with theme modern for language English (English) [] []
[2021-01-13 09:31:43] app.INFO: Core output folder: C:\xampp\htdocs\prestashop/mails [] []
[2021-01-13 09:31:43] app.INFO: Modules output folder: C:\xampp\htdocs\prestashop/modules/ [] []
[2021-01-13 09:42:55] request.CRITICAL: Uncaught PHP Exception Symfony\Component\Debug\Exception\FatalErrorException: "Error: Maximum execution time of 120 seconds exceeded" at C:\xampp\htdocs\prestashop\vendor\symfony\symfony\src\Symfony\Component\Yaml\Parser.php line 78 {"exception":"[object] (Symfony\\Component\\Debug\\Exception\\FatalErrorException(code: 0): Error: Maximum execution time of 120 seconds exceeded at C:\\xampp\\htdocs\\prestashop\\vendor\\symfony\\symfony\\src\\Symfony\\Component\\Yaml\\Parser.php:78)"} []
[2021-01-13 09:42:58] request.CRITICAL: Exception thrown when handling an exception (Twig\Error\RuntimeError: An exception has been thrown during the rendering of a template ("Cannot load resource "C:\xampp\htdocs\prestashop\app/config/routing.yml"."). at C:\xampp\htdocs\prestashop\src\PrestaShopBundle\Resources\views\Admin\Exception\error.html.twig line 60) {"exception":"[object] (Twig\\Error\\RuntimeError(code: 0): An exception has been thrown during the rendering of a template (\"Cannot load resource \"C:\\xampp\\htdocs\\prestashop\\app/config/routing.yml\".\"). at C:\\xampp\\htdocs\\prestashop\\src\\PrestaShopBundle\\Resources\\views\\Admin\\Exception\\error.html.twig:60, Symfony\\Component\\Config\\Exception\\FileLoaderLoadException(code: 0): Cannot load resource \"C:\\xampp\\htdocs\\prestashop\\app/config/routing.yml\". at C:\\xampp\\htdocs\\prestashop\\vendor\\symfony\\symfony\\src\\Symfony\\Bundle\\FrameworkBundle\\Routing\\DelegatingLoader.php:65)"} []
[2021-01-13 09:46:37] request.INFO: Matched route "admin_product_form". {"route":"admin_product_form","route_parameters":{"_controller":"PrestaShopBundle\\Controller\\Admin\\ProductController::formAction","_legacy_controller":"AdminProducts","_legacy_param_mapper_class":"PrestaShop\\PrestaShop\\Adapter\\Product\\AdminProductDataProvider","_legacy_param_mapper_method":"mapLegacyParametersProductForm","id":"20","_route":"admin_product_form"},"request_uri":"http://localhost/prestashop/admin104wnz9zn/index.php/sell/catalog/products/20?_token=L2N7nUEKQ9TOrWpaRMDco2jFiGG6nyW-fai7egGf2hM","method":"GET"} []
[2021-01-13 09:46:37] security.DEBUG: Read existing security token from the session. {"key":"_security_main","token_class":"Symfony\\Component\\Security\\Core\\Authentication\\Token\\UsernamePasswordToken"} []
[2021-01-13 09:46:38] security.DEBUG: User was reloaded from a user provider. {"provider":"PrestaShopBundle\\Security\\Admin\\EmployeeProvider","username":"rosaliakaluki@gmail.com"} []
[2021-01-13 09:46:48] app.ERROR: Data from PrestaShop Addons is invalid, and cannot fallback on cache.  {"exception":"cURL error 28: Operation timed out after 5000 milliseconds with 0 bytes received"} []
[2021-01-13 09:46:52] security.DEBUG: Stored the security token in the session. {"key":"_security_main"} []
[2021-01-13 15:06:50] request.INFO: Matched route "admin_module_manage". {"route":"admin_module_manage","route_parameters":{"category":null,"keyword":null,"_controller":"PrestaShopBundle\\Controller\\Admin\\Improve\\ModuleController::manageAction","_legacy_controller":"AdminModulesManage","_legacy_link":["AdminModulesManage","AdminModulesSf"],"_route":"admin_module_manage"},"request_uri":"http://localhost/prestashop/admin104wnz9zn/index.php/improve/modules/manage?_token=L2N7nUEKQ9TOrWpaRMDco2jFiGG6nyW-fai7egGf2hM","method":"GET"} []
[2021-01-13 15:06:50] security.DEBUG: Read existing security token from the session. {"key":"_security_main","token_class":"Symfony\\Component\\Security\\Core\\Authentication\\Token\\UsernamePasswordToken"} []
[2021-01-13 15:06:50] security.DEBUG: User was reloaded from a user provider. {"provider":"PrestaShopBundle\\Security\\Admin\\EmployeeProvider","username":"rosaliakaluki@gmail.com"} []
[2021-01-13 15:06:56] app.ERROR: Data from PrestaShop Addons is invalid, and cannot fallback on cache.  {"exception":"cURL error 28: Operation timed out after 5000 milliseconds with 75349 bytes received"} []
[2021-01-13 15:07:03] request.INFO: Matched route "admin_module_manage". {"route":"admin_module_manage","route_parameters":{"category":null,"keyword":null,"_controller":"PrestaShopBundle\\Controller\\Admin\\Improve\\ModuleController::manageAction","_legacy_controller":"AdminModulesManage","_legacy_link":["AdminModulesManage","AdminModulesSf"],"_route":"admin_module_manage"},"request_uri":"http://localhost/prestashop/admin104wnz9zn/index.php/improve/modules/manage?_token=L2N7nUEKQ9TOrWpaRMDco2jFiGG6nyW-fai7egGf2hM","method":"GET"} []
[2021-01-13 15:07:03] security.DEBUG: Read existing security token from the session. {"key":"_security_main","token_class":"Symfony\\Component\\Security\\Core\\Authentication\\Token\\UsernamePasswordToken"} []
[2021-01-13 15:07:03] security.DEBUG: User was reloaded from a user provider. {"provider":"PrestaShopBundle\\Security\\Admin\\EmployeeProvider","username":"rosaliakaluki@gmail.com"} []
[2021-01-13 15:07:08] app.ERROR: Data from PrestaShop Addons is invalid, and cannot fallback on cache.  {"exception":"cURL error 28: Operation timed out after 5000 milliseconds with 42581 bytes received"} []
[2021-01-13 15:07:12] security.DEBUG: Stored the security token in the session. {"key":"_security_main"} []
[2021-01-13 15:07:18] request.INFO: Matched route "admin_module_notification_count". {"route":"admin_module_notification_count","route_parameters":{"_controller":"PrestaShopBundle\\Controller\\Admin\\Improve\\Modules\\AlertsController::notificationsCountAction","_legacy_controller":"AdminModulesNotifications","_legacy_link":"AdminModulesNotifications:count","_route":"admin_module_notification_count"},"request_uri":"http://localhost/prestashop/admin104wnz9zn/index.php/improve/modules/alerts/count?_token=L2N7nUEKQ9TOrWpaRMDco2jFiGG6nyW-fai7egGf2hM","method":"GET"} []
[2021-01-13 15:07:19] security.DEBUG: Read existing security token from the session. {"key":"_security_main","token_class":"Symfony\\Component\\Security\\Core\\Authentication\\Token\\UsernamePasswordToken"} []
[2021-01-13 15:07:19] security.DEBUG: User was reloaded from a user provider. {"provider":"PrestaShopBundle\\Security\\Admin\\EmployeeProvider","username":"rosaliakaluki@gmail.com"} []
[2021-01-13 15:07:24] app.ERROR: Data from PrestaShop Addons is invalid, and cannot fallback on cache.  {"exception":"cURL error 28: Operation timed out after 5000 milliseconds with 124501 bytes received"} []
[2021-01-13 15:07:26] security.DEBUG: Stored the security token in the session. {"key":"_security_main"} []
[2021-01-13 15:09:21] request.INFO: Matched route "admin_module_configure_action". {"route":"admin_module_configure_action","route_parameters":{"_controller":"PrestaShopBundle\\Controller\\Admin\\Improve\\ModuleController::configureModuleAction","_legacy_controller":"AdminModules","module_name":"pesapal","_route":"admin_module_configure_action"},"request_uri":"http://localhost/prestashop/admin104wnz9zn/index.php/improve/modules/manage/action/configure/pesapal?_token=L2N7nUEKQ9TOrWpaRMDco2jFiGG6nyW-fai7egGf2hM","method":"GET"} []
[2021-01-13 15:09:21] security.DEBUG: Read existing security token from the session. {"key":"_security_main","token_class":"Symfony\\Component\\Security\\Core\\Authentication\\Token\\UsernamePasswordToken"} []
[2021-01-13 15:09:22] security.DEBUG: User was reloaded from a user provider. {"provider":"PrestaShopBundle\\Security\\Admin\\EmployeeProvider","username":"rosaliakaluki@gmail.com"} []
[2021-01-13 15:09:27] app.ERROR: Data from PrestaShop Addons is invalid, and cannot fallback on cache.  {"exception":"cURL error 28: Operation timed out after 5000 milliseconds with 13621 bytes received"} []
[2021-01-13 15:09:27] security.DEBUG: Stored the security token in the session. {"key":"_security_main"} []
[2021-01-14 09:54:40] request.INFO: Matched route "admin_product_form". {"route":"admin_product_form","route_parameters":{"_controller":"PrestaShopBundle\\Controller\\Admin\\ProductController::formAction","_legacy_controller":"AdminProducts","_legacy_param_mapper_class":"PrestaShop\\PrestaShop\\Adapter\\Product\\AdminProductDataProvider","_legacy_param_mapper_method":"mapLegacyParametersProductForm","id":"30","_route":"admin_product_form"},"request_uri":"http://localhost/prestashop/admin104wnz9zn/index.php/sell/catalog/products/30?_token=C0cDF8nvmcqmYDbWegGFxR1OPJY0-5AItwQtK0FrngM","method":"GET"} []
[2021-01-14 09:54:43] security.DEBUG: Read existing security token from the session. {"key":"_security_main","token_class":"Symfony\\Component\\Security\\Core\\Authentication\\Token\\UsernamePasswordToken"} []
[2021-01-14 09:54:43] security.DEBUG: User was reloaded from a user provider. {"provider":"PrestaShopBundle\\Security\\Admin\\EmployeeProvider","username":"rosaliakaluki@gmail.com"} []
[2021-01-14 09:56:37] request.CRITICAL: Uncaught PHP Exception Symfony\Component\Debug\Exception\FatalErrorException: "Error: Maximum execution time of 120 seconds exceeded" at C:\xampp\htdocs\prestashop\vendor\doctrine\orm\lib\Doctrine\ORM\Mapping\PreRemove.php line 26 {"exception":"[object] (Symfony\\Component\\Debug\\Exception\\FatalErrorException(code: 0): Error: Maximum execution time of 120 seconds exceeded at C:\\xampp\\htdocs\\prestashop\\vendor\\doctrine\\orm\\lib\\Doctrine\\ORM\\Mapping\\PreRemove.php:26)"} []
[2021-01-14 09:57:02] security.DEBUG: Stored the security token in the session. {"key":"_security_main"} []
[2021-01-14 10:01:06] request.INFO: Matched route "admin_product_form". {"route":"admin_product_form","route_parameters":{"_controller":"PrestaShopBundle\\Controller\\Admin\\ProductController::formAction","_legacy_controller":"AdminProducts","_legacy_param_mapper_class":"PrestaShop\\PrestaShop\\Adapter\\Product\\AdminProductDataProvider","_legacy_param_mapper_method":"mapLegacyParametersProductForm","id":"30","_route":"admin_product_form"},"request_uri":"http://localhost/prestashop/admin104wnz9zn/index.php/sell/catalog/products/30?_token=C0cDF8nvmcqmYDbWegGFxR1OPJY0-5AItwQtK0FrngM","method":"POST"} []
[2021-01-14 10:02:40] security.DEBUG: Read existing security token from the session. {"key":"_security_main","token_class":"Symfony\\Component\\Security\\Core\\Authentication\\Token\\UsernamePasswordToken"} []
[2021-01-14 10:02:41] security.DEBUG: User was reloaded from a user provider. {"provider":"PrestaShopBundle\\Security\\Admin\\EmployeeProvider","username":"rosaliakaluki@gmail.com"} []
[2021-01-14 10:03:02] request.CRITICAL: Uncaught PHP Exception Symfony\Component\Debug\Exception\FatalErrorException: "Error: Maximum execution time of 120 seconds exceeded" at C:\xampp\htdocs\prestashop\classes\db\DbPDO.php line 165 {"exception":"[object] (Symfony\\Component\\Debug\\Exception\\FatalErrorException(code: 0): Error: Maximum execution time of 120 seconds exceeded at C:\\xampp\\htdocs\\prestashop\\classes\\db\\DbPDO.php:165)"} []
[2021-01-14 10:03:06] security.DEBUG: Stored the security token in the session. {"key":"_security_main"} []
